<?xml version="1.0" encoding="UTF-8"?>
<!-- Generated by org.testng.reporters.JUnitXMLReporter -->
<testsuite ignored="0" hostname="ASWVNLAP316" failures="0" tests="4" name="Default test" time="0.022" errors="0" timestamp="13 May 2023 04:57:20 GMT">
  <testcase classname="com.nopcommerce.account.Account_01_Register" name="Register_01_EmptyData" time="0.003"/>
  <testcase classname="com.nopcommerce.account.Account_01_Register" name="Register_02_IncorectEmail" time="0.001"/>
  <testcase classname="com.nopcommerce.account.Account_01_Register" name="Register_03_IncorectPasword" time="0.0"/>
  <testcase classname="com.nopcommerce.account.Account_01_Register" name="Register_04_ValidInfo" time="0.001"/>
</testsuite> <!-- Default test -->
