<?xml version="1.0" encoding="UTF-8"?>
<testng-results ignored="0" total="4" passed="4" failed="0" skipped="0">
  <reporter-output>
  </reporter-output>
  <suite started-at="2023-05-13T04:57:20Z" name="Default suite" finished-at="2023-05-13T04:57:20Z" duration-ms="22">
    <groups>
    </groups>
    <test started-at="2023-05-13T04:57:20Z" name="Default test" finished-at="2023-05-13T04:57:20Z" duration-ms="22">
      <class name="com.nopcommerce.account.Account_01_Register">
        <test-method is-config="true" signature="beforeClass()[pri:0, instance:com.nopcommerce.account.Account_01_Register@bcec361]" started-at="2023-05-13T04:57:20Z" name="beforeClass" finished-at="2023-05-13T04:57:20Z" duration-ms="4" status="PASS">
          <reporter-output>
          </reporter-output>
        </test-method> <!-- beforeClass -->
        <test-method signature="Register_01_EmptyData()[pri:0, instance:com.nopcommerce.account.Account_01_Register@bcec361]" started-at="2023-05-13T04:57:20Z" name="Register_01_EmptyData" finished-at="2023-05-13T04:57:20Z" duration-ms="3" status="PASS">
          <reporter-output>
          </reporter-output>
        </test-method> <!-- Register_01_EmptyData -->
        <test-method signature="Register_02_IncorectEmail()[pri:0, instance:com.nopcommerce.account.Account_01_Register@bcec361]" started-at="2023-05-13T04:57:20Z" name="Register_02_IncorectEmail" finished-at="2023-05-13T04:57:20Z" duration-ms="1" status="PASS">
          <reporter-output>
          </reporter-output>
        </test-method> <!-- Register_02_IncorectEmail -->
        <test-method signature="Register_03_IncorectPasword()[pri:0, instance:com.nopcommerce.account.Account_01_Register@bcec361]" started-at="2023-05-13T04:57:20Z" name="Register_03_IncorectPasword" finished-at="2023-05-13T04:57:20Z" duration-ms="0" status="PASS">
          <reporter-output>
          </reporter-output>
        </test-method> <!-- Register_03_IncorectPasword -->
        <test-method signature="Register_04_ValidInfo()[pri:0, instance:com.nopcommerce.account.Account_01_Register@bcec361]" started-at="2023-05-13T04:57:20Z" name="Register_04_ValidInfo" finished-at="2023-05-13T04:57:20Z" duration-ms="1" status="PASS">
          <reporter-output>
          </reporter-output>
        </test-method> <!-- Register_04_ValidInfo -->
        <test-method is-config="true" signature="afterClass()[pri:0, instance:com.nopcommerce.account.Account_01_Register@bcec361]" started-at="2023-05-13T04:57:20Z" name="afterClass" finished-at="2023-05-13T04:57:20Z" duration-ms="0" status="PASS">
          <reporter-output>
          </reporter-output>
        </test-method> <!-- afterClass -->
      </class> <!-- com.nopcommerce.account.Account_01_Register -->
    </test> <!-- Default test -->
  </suite> <!-- Default suite -->
</testng-results>
