<?xml version="1.0" encoding="UTF-8"?>
<testng-results ignored="0" total="2" passed="1" failed="1" skipped="0">
  <reporter-output>
  </reporter-output>
  <suite started-at="2023-07-30T15:43:15Z" name="Suite" finished-at="2023-07-30T15:43:28Z" duration-ms="12500">
    <groups>
    </groups>
    <test started-at="2023-07-30T15:43:15Z" name="Run on Firefox" finished-at="2023-07-30T15:43:28Z" duration-ms="12500">
      <class name="com.nopcommerce.account.Level_02_Switch_Role">
        <test-method is-config="true" signature="beforeClass(java.lang.String, java.lang.String, java.lang.String)[pri:0, instance:com.nopcommerce.account.Level_02_Switch_Role@ba2f4ec]" started-at="2023-07-30T15:43:15Z" name="beforeClass" finished-at="2023-07-30T15:43:20Z" duration-ms="4298" status="PASS">
          <params>
            <param index="0">
              <value>
                <![CDATA[firefox]]>
              </value>
            </param>
            <param index="1">
              <value>
                <![CDATA[https://admin-demo.nopcommerce.com]]>
              </value>
            </param>
            <param index="2">
              <value>
                <![CDATA[https://demo.nopcommerce.com]]>
              </value>
            </param>
          </params>
          <reporter-output>
          </reporter-output>
        </test-method> <!-- beforeClass -->
        <test-method signature="Level_01_Admin_To_User()[pri:0, instance:com.nopcommerce.account.Level_02_Switch_Role@ba2f4ec]" started-at="2023-07-30T15:43:20Z" name="Level_01_Admin_To_User" finished-at="2023-07-30T15:43:20Z" duration-ms="7" status="FAIL">
          <exception class="java.lang.NullPointerException">
            <full-stacktrace>
              <![CDATA[java.lang.NullPointerException
at com.nopcommerce.account.Level_02_Switch_Role.Level_01_Admin_To_User(Level_02_Switch_Role.java:89)
at java.base/jdk.internal.reflect.NativeMethodAccessorImpl.invoke0(Native Method)
at java.base/jdk.internal.reflect.NativeMethodAccessorImpl.invoke(NativeMethodAccessorImpl.java:62)
at java.base/jdk.internal.reflect.DelegatingMethodAccessorImpl.invoke(DelegatingMethodAccessorImpl.java:43)
at java.base/java.lang.reflect.Method.invoke(Method.java:566)
at org.testng.internal.MethodInvocationHelper.invokeMethod(MethodInvocationHelper.java:124)
at org.testng.internal.Invoker.invokeMethod(Invoker.java:583)
at org.testng.internal.Invoker.invokeTestMethod(Invoker.java:719)
at org.testng.internal.Invoker.invokeTestMethods(Invoker.java:989)
at org.testng.internal.TestMethodWorker.invokeTestMethods(TestMethodWorker.java:125)
at org.testng.internal.TestMethodWorker.run(TestMethodWorker.java:109)
at org.testng.TestRunner.privateRun(TestRunner.java:648)
at org.testng.TestRunner.run(TestRunner.java:505)
at org.testng.SuiteRunner.runTest(SuiteRunner.java:455)
at org.testng.SuiteRunner.runSequentially(SuiteRunner.java:450)
at org.testng.SuiteRunner.privateRun(SuiteRunner.java:415)
at org.testng.SuiteRunner.run(SuiteRunner.java:364)
at org.testng.SuiteRunnerWorker.runSuite(SuiteRunnerWorker.java:52)
at org.testng.SuiteRunnerWorker.run(SuiteRunnerWorker.java:84)
at org.testng.TestNG.runSuitesSequentially(TestNG.java:1208)
at org.testng.TestNG.runSuitesLocally(TestNG.java:1137)
at org.testng.TestNG.runSuites(TestNG.java:1049)
at org.testng.TestNG.run(TestNG.java:1017)
at org.testng.remote.AbstractRemoteTestNG.run(AbstractRemoteTestNG.java:115)
at org.testng.remote.RemoteTestNG.initAndRun(RemoteTestNG.java:251)
at org.testng.remote.RemoteTestNG.main(RemoteTestNG.java:77)
]]>
            </full-stacktrace>
          </exception> <!-- java.lang.NullPointerException -->
          <reporter-output>
          </reporter-output>
        </test-method> <!-- Level_01_Admin_To_User -->
        <test-method signature="Level_01_User_To_Admin()[pri:0, instance:com.nopcommerce.account.Level_02_Switch_Role@ba2f4ec]" started-at="2023-07-30T15:43:20Z" name="Level_01_User_To_Admin" finished-at="2023-07-30T15:43:28Z" duration-ms="8180" status="PASS">
          <reporter-output>
          </reporter-output>
        </test-method> <!-- Level_01_User_To_Admin -->
        <test-method is-config="true" signature="afterClass()[pri:0, instance:com.nopcommerce.account.Level_02_Switch_Role@ba2f4ec]" started-at="2023-07-30T15:43:28Z" name="afterClass" finished-at="2023-07-30T15:43:28Z" duration-ms="0" status="PASS">
          <reporter-output>
          </reporter-output>
        </test-method> <!-- afterClass -->
      </class> <!-- com.nopcommerce.account.Level_02_Switch_Role -->
    </test> <!-- Run on Firefox -->
  </suite> <!-- Suite -->
</testng-results>
